<?xml version="1.0" encoding="UTF-8"?>
<testsuite name="UserInMemoryRepositoryTest" tests="1" skipped="0" failures="0" errors="0" timestamp="2021-11-30T20:54:31" hostname="ADRIAN" time="0.062">
  <properties/>
  <testcase name="should_delete_user()" classname="UserInMemoryRepositoryTest" time="0.062"/>
  <system-out><![CDATA[]]></system-out>
  <system-err><![CDATA[]]></system-err>
</testsuite>
