<?xml version="1.0" encoding="UTF-8"?>
<testsuite name="BankServiceTest" tests="1" skipped="0" failures="0" errors="0" timestamp="2021-11-24T18:20:30" hostname="ADRIAN" time="0.067">
  <properties/>
  <testcase name="should_credit_method_add_to_balance()" classname="BankServiceTest" time="0.067"/>
  <system-out><![CDATA[]]></system-out>
  <system-err><![CDATA[]]></system-err>
</testsuite>
