<?xml version="1.0" encoding="UTF-8"?>
<testsuite name="BankServiceTest" tests="1" skipped="0" failures="0" errors="0" timestamp="2021-11-23T19:48:16" hostname="ADRIAN" time="0.021">
  <properties/>
  <testcase name="should_throw_exepction_when_account_balance_less_than_amount()" classname="BankServiceTest" time="0.021"/>
  <system-out><![CDATA[]]></system-out>
  <system-err><![CDATA[]]></system-err>
</testsuite>
