<?xml version="1.0" encoding="UTF-8"?>
<testsuite name="UserInMemoryRepositoryTest" tests="1" skipped="0" failures="0" errors="0" timestamp="2021-11-25T18:19:18" hostname="ADRIAN" time="0.066">
  <properties/>
  <testcase name="should_return_user_by_id()" classname="UserInMemoryRepositoryTest" time="0.066"/>
  <system-out><![CDATA[]]></system-out>
  <system-err><![CDATA[]]></system-err>
</testsuite>
